
> openclaw-mission-control@0.1.0 start
> next start -p 3010

▲ Next.js 16.1.6
- Local:         http://localhost:3010
- Network:       http://198.18.0.1:3010

✓ Starting...
✓ Ready in 460ms

> openclaw-mission-control@0.1.0 start
> next start -p 3010

▲ Next.js 16.1.6
- Local:         http://localhost:3010
- Network:       http://198.18.0.1:3010

✓ Starting...
✓ Ready in 444ms

> openclaw-mission-control@0.1.0 start
> next start -p 3010

▲ Next.js 16.1.6
- Local:         http://localhost:3010
- Network:       http://198.18.0.1:3010

✓ Starting...
✓ Ready in 447ms

> openclaw-mission-control@0.1.0 start
> next start -p 3010

▲ Next.js 16.1.6
- Local:         http://localhost:3010
- Network:       http://198.18.0.1:3010

✓ Starting...
✓ Ready in 444ms

> openclaw-mission-control@0.1.0 start
> next start -p 3010

▲ Next.js 16.1.6
- Local:         http://localhost:3010
- Network:       http://198.18.0.1:3010

✓ Starting...
✓ Ready in 434ms

> openclaw-mission-control@0.1.0 start
> next start -p 3010

▲ Next.js 16.1.6
- Local:         http://localhost:3010
- Network:       http://198.18.0.1:3010

✓ Starting...
✓ Ready in 436ms

> openclaw-mission-control@0.1.0 start
> next start -p 3010

▲ Next.js 16.1.6
- Local:         http://localhost:3010
- Network:       http://198.18.0.1:3010

✓ Starting...
✓ Ready in 440ms

> openclaw-mission-control@0.1.0 start
> next start -p 3010

▲ Next.js 16.1.6
- Local:         http://localhost:3010
- Network:       http://198.18.0.1:3010

✓ Starting...
✓ Ready in 446ms

> openclaw-mission-control@0.1.0 start
> next start -p 3010

▲ Next.js 16.1.6
- Local:         http://localhost:3010
- Network:       http://198.18.0.1:3010

✓ Starting...
✓ Ready in 445ms

> openclaw-mission-control@0.1.0 start
> next start -p 3010

▲ Next.js 16.1.6
- Local:         http://localhost:3010
- Network:       http://198.18.0.1:3010

✓ Starting...
✓ Ready in 440ms
